08:55:15:901  INFO 76856 --- [main] com.hmall.HMallApplication               : Starting HMallApplication using Java 11.0.24 on OwendeMacBook-Pro.local with PID 76856 (/Users/owenclark/MyFiles/IDEAProjects/hmall/hm-service/target/classes started by owenclark in /Users/owenclark/MyFiles/IDEAProjects/hmall)
08:55:15:905 DEBUG 76856 --- [main] com.hmall.HMallApplication               : Running with Spring Boot v2.7.12, Spring v5.3.27
08:55:15:905  INFO 76856 --- [main] com.hmall.HMallApplication               : The following 1 profile is active: "local"
08:55:16:436  INFO 76856 --- [main] .s.d.r.c.RepositoryConfigurationDelegate : Multiple Spring Data modules found, entering strict repository configuration mode
08:55:16:440  INFO 76856 --- [main] .s.d.r.c.RepositoryConfigurationDelegate : Bootstrapping Spring Data Redis repositories in DEFAULT mode.
08:55:16:492  INFO 76856 --- [main] .s.d.r.c.RepositoryConfigurationDelegate : Finished Spring Data repository scanning in 29 ms. Found 0 Redis repository interfaces.
08:55:16:870  INFO 76856 --- [main] o.s.b.w.embedded.tomcat.TomcatWebServer  : Tomcat initialized with port(s): 8080 (http)
08:55:16:875  INFO 76856 --- [main] o.apache.catalina.core.StandardService   : Starting service [Tomcat]
08:55:16:875  INFO 76856 --- [main] org.apache.catalina.core.StandardEngine  : Starting Servlet engine: [Apache Tomcat/9.0.75]
08:55:16:949  INFO 76856 --- [main] o.a.c.c.C.[Tomcat].[localhost].[/]       : Initializing Spring embedded WebApplicationContext
08:55:16:950  INFO 76856 --- [main] w.s.c.ServletWebServerApplicationContext : Root WebApplicationContext: initialization completed in 1018 ms
08:55:17:918  INFO 76856 --- [main] pertySourcedRequestMappingHandlerMapping : Mapped URL path [/v2/api-docs] onto method [springfox.documentation.swagger2.web.Swagger2ControllerWebMvc#getDocumentation(String, HttpServletRequest)]
08:55:18:162  INFO 76856 --- [main] o.s.b.w.embedded.tomcat.TomcatWebServer  : Tomcat started on port(s): 8080 (http) with context path ''
08:55:18:163  INFO 76856 --- [main] d.s.w.p.DocumentationPluginsBootstrapper : Documentation plugins bootstrapped
08:55:18:164  INFO 76856 --- [main] d.s.w.p.DocumentationPluginsBootstrapper : Found 1 custom documentation plugin(s)
08:55:18:182  INFO 76856 --- [main] s.d.s.w.s.ApiListingReferenceScanner     : Scanning for api listing references
08:55:18:286  INFO 76856 --- [main] com.hmall.HMallApplication               : Started HMallApplication in 2.633 seconds (JVM running for 3.095)
08:55:21:927  INFO 76856 --- [http-nio-8080-exec-1] o.a.c.c.C.[Tomcat].[localhost].[/]       : Initializing Spring DispatcherServlet 'dispatcherServlet'
08:55:21:927  INFO 76856 --- [http-nio-8080-exec-1] o.s.web.servlet.DispatcherServlet        : Initializing Servlet 'dispatcherServlet'
08:55:21:930  INFO 76856 --- [http-nio-8080-exec-1] o.s.web.servlet.DispatcherServlet        : Completed initialization in 3 ms
09:24:16:006 ERROR 76856 --- [http-nio-8080-exec-6] o.a.c.c.C.[.[.[/].[dispatcherServlet]    : Servlet.service() for servlet [dispatcherServlet] in context with path [] threw exception [Request processing failed; nested exception is com.hmall.common.exception.UnauthorizedException: 未登录] with root cause

com.hmall.common.exception.UnauthorizedException: 未登录
	at com.hmall.utils.JwtTool.parseToken(JwtTool.java:47) ~[classes/:na]
	at com.hmall.interceptor.LoginInterceptor.preHandle(LoginInterceptor.java:21) ~[classes/:na]
	at org.springframework.web.servlet.HandlerExecutionChain.applyPreHandle(HandlerExecutionChain.java:148) ~[spring-webmvc-5.3.27.jar:5.3.27]
	at org.springframework.web.servlet.DispatcherServlet.doDispatch(DispatcherServlet.java:1067) ~[spring-webmvc-5.3.27.jar:5.3.27]
	at org.springframework.web.servlet.DispatcherServlet.doService(DispatcherServlet.java:965) ~[spring-webmvc-5.3.27.jar:5.3.27]
	at org.springframework.web.servlet.FrameworkServlet.processRequest(FrameworkServlet.java:1006) ~[spring-webmvc-5.3.27.jar:5.3.27]
	at org.springframework.web.servlet.FrameworkServlet.doGet(FrameworkServlet.java:898) ~[spring-webmvc-5.3.27.jar:5.3.27]
	at javax.servlet.http.HttpServlet.service(HttpServlet.java:529) ~[tomcat-embed-core-9.0.75.jar:4.0.FR]
	at org.springframework.web.servlet.FrameworkServlet.service(FrameworkServlet.java:883) ~[spring-webmvc-5.3.27.jar:5.3.27]
	at javax.servlet.http.HttpServlet.service(HttpServlet.java:623) ~[tomcat-embed-core-9.0.75.jar:4.0.FR]
	at org.apache.catalina.core.ApplicationFilterChain.internalDoFilter(ApplicationFilterChain.java:209) ~[tomcat-embed-core-9.0.75.jar:9.0.75]
	at org.apache.catalina.core.ApplicationFilterChain.doFilter(ApplicationFilterChain.java:153) ~[tomcat-embed-core-9.0.75.jar:9.0.75]
	at org.apache.tomcat.websocket.server.WsFilter.doFilter(WsFilter.java:51) ~[tomcat-embed-websocket-9.0.75.jar:9.0.75]
	at org.apache.catalina.core.ApplicationFilterChain.internalDoFilter(ApplicationFilterChain.java:178) ~[tomcat-embed-core-9.0.75.jar:9.0.75]
	at org.apache.catalina.core.ApplicationFilterChain.doFilter(ApplicationFilterChain.java:153) ~[tomcat-embed-core-9.0.75.jar:9.0.75]
	at org.springframework.web.filter.RequestContextFilter.doFilterInternal(RequestContextFilter.java:100) ~[spring-web-5.3.27.jar:5.3.27]
	at org.springframework.web.filter.OncePerRequestFilter.doFilter(OncePerRequestFilter.java:117) ~[spring-web-5.3.27.jar:5.3.27]
	at org.apache.catalina.core.ApplicationFilterChain.internalDoFilter(ApplicationFilterChain.java:178) ~[tomcat-embed-core-9.0.75.jar:9.0.75]
	at org.apache.catalina.core.ApplicationFilterChain.doFilter(ApplicationFilterChain.java:153) ~[tomcat-embed-core-9.0.75.jar:9.0.75]
	at org.springframework.web.filter.FormContentFilter.doFilterInternal(FormContentFilter.java:93) ~[spring-web-5.3.27.jar:5.3.27]
	at org.springframework.web.filter.OncePerRequestFilter.doFilter(OncePerRequestFilter.java:117) ~[spring-web-5.3.27.jar:5.3.27]
	at org.apache.catalina.core.ApplicationFilterChain.internalDoFilter(ApplicationFilterChain.java:178) ~[tomcat-embed-core-9.0.75.jar:9.0.75]
	at org.apache.catalina.core.ApplicationFilterChain.doFilter(ApplicationFilterChain.java:153) ~[tomcat-embed-core-9.0.75.jar:9.0.75]
	at org.springframework.web.filter.CharacterEncodingFilter.doFilterInternal(CharacterEncodingFilter.java:201) ~[spring-web-5.3.27.jar:5.3.27]
	at org.springframework.web.filter.OncePerRequestFilter.doFilter(OncePerRequestFilter.java:117) ~[spring-web-5.3.27.jar:5.3.27]
	at org.apache.catalina.core.ApplicationFilterChain.internalDoFilter(ApplicationFilterChain.java:178) ~[tomcat-embed-core-9.0.75.jar:9.0.75]
	at org.apache.catalina.core.ApplicationFilterChain.doFilter(ApplicationFilterChain.java:153) ~[tomcat-embed-core-9.0.75.jar:9.0.75]
	at org.apache.catalina.core.StandardWrapperValve.invoke(StandardWrapperValve.java:167) ~[tomcat-embed-core-9.0.75.jar:9.0.75]
	at org.apache.catalina.core.StandardContextValve.invoke(StandardContextValve.java:90) ~[tomcat-embed-core-9.0.75.jar:9.0.75]
	at org.apache.catalina.authenticator.AuthenticatorBase.invoke(AuthenticatorBase.java:481) ~[tomcat-embed-core-9.0.75.jar:9.0.75]
	at org.apache.catalina.core.StandardHostValve.invoke(StandardHostValve.java:130) ~[tomcat-embed-core-9.0.75.jar:9.0.75]
	at org.apache.catalina.valves.ErrorReportValve.invoke(ErrorReportValve.java:93) ~[tomcat-embed-core-9.0.75.jar:9.0.75]
	at org.apache.catalina.core.StandardEngineValve.invoke(StandardEngineValve.java:74) ~[tomcat-embed-core-9.0.75.jar:9.0.75]
	at org.apache.catalina.connector.CoyoteAdapter.service(CoyoteAdapter.java:343) ~[tomcat-embed-core-9.0.75.jar:9.0.75]
	at org.apache.coyote.http11.Http11Processor.service(Http11Processor.java:390) ~[tomcat-embed-core-9.0.75.jar:9.0.75]
	at org.apache.coyote.AbstractProcessorLight.process(AbstractProcessorLight.java:63) ~[tomcat-embed-core-9.0.75.jar:9.0.75]
	at org.apache.coyote.AbstractProtocol$ConnectionHandler.process(AbstractProtocol.java:926) ~[tomcat-embed-core-9.0.75.jar:9.0.75]
	at org.apache.tomcat.util.net.NioEndpoint$SocketProcessor.doRun(NioEndpoint.java:1791) ~[tomcat-embed-core-9.0.75.jar:9.0.75]
	at org.apache.tomcat.util.net.SocketProcessorBase.run(SocketProcessorBase.java:52) ~[tomcat-embed-core-9.0.75.jar:9.0.75]
	at org.apache.tomcat.util.threads.ThreadPoolExecutor.runWorker(ThreadPoolExecutor.java:1191) ~[tomcat-embed-core-9.0.75.jar:9.0.75]
	at org.apache.tomcat.util.threads.ThreadPoolExecutor$Worker.run(ThreadPoolExecutor.java:659) ~[tomcat-embed-core-9.0.75.jar:9.0.75]
	at org.apache.tomcat.util.threads.TaskThread$WrappingRunnable.run(TaskThread.java:61) ~[tomcat-embed-core-9.0.75.jar:9.0.75]
	at java.base/java.lang.Thread.run(Thread.java:829) ~[na:na]

09:36:51:624  INFO 78243 --- [main] com.hmall.HMallApplication               : Starting HMallApplication using Java 11.0.24 on OwendeMacBook-Pro.local with PID 78243 (/Users/owenclark/MyFiles/IDEAProjects/hmall/hm-service/target/classes started by owenclark in /Users/owenclark/MyFiles/IDEAProjects/hmall)
09:36:51:625 DEBUG 78243 --- [main] com.hmall.HMallApplication               : Running with Spring Boot v2.7.12, Spring v5.3.27
09:36:51:625  INFO 78243 --- [main] com.hmall.HMallApplication               : The following 1 profile is active: "local"
09:36:52:101  INFO 78243 --- [main] .s.d.r.c.RepositoryConfigurationDelegate : Multiple Spring Data modules found, entering strict repository configuration mode
09:36:52:102  INFO 78243 --- [main] .s.d.r.c.RepositoryConfigurationDelegate : Bootstrapping Spring Data Redis repositories in DEFAULT mode.
09:36:52:120  INFO 78243 --- [main] .s.d.r.c.RepositoryConfigurationDelegate : Finished Spring Data repository scanning in 8 ms. Found 0 Redis repository interfaces.
09:36:52:446  INFO 78243 --- [main] o.s.b.w.embedded.tomcat.TomcatWebServer  : Tomcat initialized with port(s): 8080 (http)
09:36:52:451  INFO 78243 --- [main] o.apache.catalina.core.StandardService   : Starting service [Tomcat]
09:36:52:451  INFO 78243 --- [main] org.apache.catalina.core.StandardEngine  : Starting Servlet engine: [Apache Tomcat/9.0.75]
09:36:52:521  INFO 78243 --- [main] o.a.c.c.C.[Tomcat].[localhost].[/]       : Initializing Spring embedded WebApplicationContext
09:36:52:521  INFO 78243 --- [main] w.s.c.ServletWebServerApplicationContext : Root WebApplicationContext: initialization completed in 866 ms
09:36:53:468  INFO 78243 --- [main] pertySourcedRequestMappingHandlerMapping : Mapped URL path [/v2/api-docs] onto method [springfox.documentation.swagger2.web.Swagger2ControllerWebMvc#getDocumentation(String, HttpServletRequest)]
09:36:53:692  INFO 78243 --- [main] o.s.b.w.embedded.tomcat.TomcatWebServer  : Tomcat started on port(s): 8080 (http) with context path ''
09:36:53:693  INFO 78243 --- [main] d.s.w.p.DocumentationPluginsBootstrapper : Documentation plugins bootstrapped
09:36:53:695  INFO 78243 --- [main] d.s.w.p.DocumentationPluginsBootstrapper : Found 1 custom documentation plugin(s)
09:36:53:712  INFO 78243 --- [main] s.d.s.w.s.ApiListingReferenceScanner     : Scanning for api listing references
09:36:53:831  INFO 78243 --- [main] com.hmall.HMallApplication               : Started HMallApplication in 2.462 seconds (JVM running for 2.914)
09:37:03:216  INFO 78243 --- [http-nio-8080-exec-1] o.a.c.c.C.[Tomcat].[localhost].[/]       : Initializing Spring DispatcherServlet 'dispatcherServlet'
09:37:03:217  INFO 78243 --- [http-nio-8080-exec-1] o.s.web.servlet.DispatcherServlet        : Initializing Servlet 'dispatcherServlet'
09:37:03:219  INFO 78243 --- [http-nio-8080-exec-1] o.s.web.servlet.DispatcherServlet        : Completed initialization in 2 ms
09:43:49:579  INFO 78449 --- [main] com.hmall.HMallApplication               : Starting HMallApplication using Java 11.0.24 on OwendeMacBook-Pro.local with PID 78449 (/Users/owenclark/MyFiles/IDEAProjects/hmall/hm-service/target/classes started by owenclark in /Users/owenclark/MyFiles/IDEAProjects/hmall)
09:43:49:580 DEBUG 78449 --- [main] com.hmall.HMallApplication               : Running with Spring Boot v2.7.12, Spring v5.3.27
09:43:49:580  INFO 78449 --- [main] com.hmall.HMallApplication               : The following 1 profile is active: "dev"
09:43:50:046  INFO 78449 --- [main] .s.d.r.c.RepositoryConfigurationDelegate : Multiple Spring Data modules found, entering strict repository configuration mode
09:43:50:048  INFO 78449 --- [main] .s.d.r.c.RepositoryConfigurationDelegate : Bootstrapping Spring Data Redis repositories in DEFAULT mode.
09:43:50:065  INFO 78449 --- [main] .s.d.r.c.RepositoryConfigurationDelegate : Finished Spring Data repository scanning in 8 ms. Found 0 Redis repository interfaces.
09:43:50:409  INFO 78449 --- [main] o.s.b.w.embedded.tomcat.TomcatWebServer  : Tomcat initialized with port(s): 8080 (http)
09:43:50:414  INFO 78449 --- [main] o.apache.catalina.core.StandardService   : Starting service [Tomcat]
09:43:50:414  INFO 78449 --- [main] org.apache.catalina.core.StandardEngine  : Starting Servlet engine: [Apache Tomcat/9.0.75]
09:43:50:482  INFO 78449 --- [main] o.a.c.c.C.[Tomcat].[localhost].[/]       : Initializing Spring embedded WebApplicationContext
09:43:50:482  INFO 78449 --- [main] w.s.c.ServletWebServerApplicationContext : Root WebApplicationContext: initialization completed in 877 ms
09:43:51:390  INFO 78449 --- [main] pertySourcedRequestMappingHandlerMapping : Mapped URL path [/v2/api-docs] onto method [springfox.documentation.swagger2.web.Swagger2ControllerWebMvc#getDocumentation(String, HttpServletRequest)]
09:43:51:623  INFO 78449 --- [main] o.s.b.w.embedded.tomcat.TomcatWebServer  : Tomcat started on port(s): 8080 (http) with context path ''
09:43:51:624  INFO 78449 --- [main] d.s.w.p.DocumentationPluginsBootstrapper : Documentation plugins bootstrapped
09:43:51:626  INFO 78449 --- [main] d.s.w.p.DocumentationPluginsBootstrapper : Found 1 custom documentation plugin(s)
09:43:51:645  INFO 78449 --- [main] s.d.s.w.s.ApiListingReferenceScanner     : Scanning for api listing references
09:43:51:765  INFO 78449 --- [main] com.hmall.HMallApplication               : Started HMallApplication in 2.418 seconds (JVM running for 2.832)
09:44:20:147  INFO 78449 --- [http-nio-8080-exec-1] o.a.c.c.C.[Tomcat].[localhost].[/]       : Initializing Spring DispatcherServlet 'dispatcherServlet'
09:44:20:148  INFO 78449 --- [http-nio-8080-exec-1] o.s.web.servlet.DispatcherServlet        : Initializing Servlet 'dispatcherServlet'
09:44:20:152  INFO 78449 --- [http-nio-8080-exec-1] o.s.web.servlet.DispatcherServlet        : Completed initialization in 3 ms
09:47:37:313  INFO 78630 --- [main] com.hmall.HMallApplication               : Starting HMallApplication using Java 11.0.24 on OwendeMacBook-Pro.local with PID 78630 (/Users/owenclark/MyFiles/IDEAProjects/hmall/hm-service/target/classes started by owenclark in /Users/owenclark/MyFiles/IDEAProjects/hmall)
09:47:37:315 DEBUG 78630 --- [main] com.hmall.HMallApplication               : Running with Spring Boot v2.7.12, Spring v5.3.27
09:47:37:316  INFO 78630 --- [main] com.hmall.HMallApplication               : The following 1 profile is active: "dev"
09:47:37:770  INFO 78630 --- [main] .s.d.r.c.RepositoryConfigurationDelegate : Multiple Spring Data modules found, entering strict repository configuration mode
09:47:37:771  INFO 78630 --- [main] .s.d.r.c.RepositoryConfigurationDelegate : Bootstrapping Spring Data Redis repositories in DEFAULT mode.
09:47:37:787  INFO 78630 --- [main] .s.d.r.c.RepositoryConfigurationDelegate : Finished Spring Data repository scanning in 8 ms. Found 0 Redis repository interfaces.
09:47:38:108  INFO 78630 --- [main] o.s.b.w.embedded.tomcat.TomcatWebServer  : Tomcat initialized with port(s): 8080 (http)
09:47:38:112  INFO 78630 --- [main] o.apache.catalina.core.StandardService   : Starting service [Tomcat]
09:47:38:113  INFO 78630 --- [main] org.apache.catalina.core.StandardEngine  : Starting Servlet engine: [Apache Tomcat/9.0.75]
09:47:38:181  INFO 78630 --- [main] o.a.c.c.C.[Tomcat].[localhost].[/]       : Initializing Spring embedded WebApplicationContext
09:47:38:181  INFO 78630 --- [main] w.s.c.ServletWebServerApplicationContext : Root WebApplicationContext: initialization completed in 840 ms
09:47:39:084  INFO 78630 --- [main] pertySourcedRequestMappingHandlerMapping : Mapped URL path [/v2/api-docs] onto method [springfox.documentation.swagger2.web.Swagger2ControllerWebMvc#getDocumentation(String, HttpServletRequest)]
09:47:39:332  INFO 78630 --- [main] o.s.b.w.embedded.tomcat.TomcatWebServer  : Tomcat started on port(s): 8080 (http) with context path ''
09:47:39:333  INFO 78630 --- [main] d.s.w.p.DocumentationPluginsBootstrapper : Documentation plugins bootstrapped
09:47:39:334  INFO 78630 --- [main] d.s.w.p.DocumentationPluginsBootstrapper : Found 1 custom documentation plugin(s)
09:47:39:353  INFO 78630 --- [main] s.d.s.w.s.ApiListingReferenceScanner     : Scanning for api listing references
09:47:39:477  INFO 78630 --- [main] com.hmall.HMallApplication               : Started HMallApplication in 2.405 seconds (JVM running for 2.82)
09:48:08:018  INFO 78654 --- [main] com.hmall.HMallApplication               : Starting HMallApplication using Java 11.0.24 on OwendeMacBook-Pro.local with PID 78654 (/Users/owenclark/MyFiles/IDEAProjects/hmall/hm-service/target/classes started by owenclark in /Users/owenclark/MyFiles/IDEAProjects/hmall)
09:48:08:019 DEBUG 78654 --- [main] com.hmall.HMallApplication               : Running with Spring Boot v2.7.12, Spring v5.3.27
09:48:08:020  INFO 78654 --- [main] com.hmall.HMallApplication               : The following 1 profile is active: "local"
09:48:08:584  INFO 78654 --- [main] .s.d.r.c.RepositoryConfigurationDelegate : Multiple Spring Data modules found, entering strict repository configuration mode
09:48:08:586  INFO 78654 --- [main] .s.d.r.c.RepositoryConfigurationDelegate : Bootstrapping Spring Data Redis repositories in DEFAULT mode.
09:48:08:605  INFO 78654 --- [main] .s.d.r.c.RepositoryConfigurationDelegate : Finished Spring Data repository scanning in 9 ms. Found 0 Redis repository interfaces.
09:48:08:969  INFO 78654 --- [main] o.s.b.w.embedded.tomcat.TomcatWebServer  : Tomcat initialized with port(s): 8080 (http)
09:48:08:975  INFO 78654 --- [main] o.apache.catalina.core.StandardService   : Starting service [Tomcat]
09:48:08:975  INFO 78654 --- [main] org.apache.catalina.core.StandardEngine  : Starting Servlet engine: [Apache Tomcat/9.0.75]
09:48:09:046  INFO 78654 --- [main] o.a.c.c.C.[Tomcat].[localhost].[/]       : Initializing Spring embedded WebApplicationContext
09:48:09:046  INFO 78654 --- [main] w.s.c.ServletWebServerApplicationContext : Root WebApplicationContext: initialization completed in 1001 ms
09:48:10:003  INFO 78654 --- [main] pertySourcedRequestMappingHandlerMapping : Mapped URL path [/v2/api-docs] onto method [springfox.documentation.swagger2.web.Swagger2ControllerWebMvc#getDocumentation(String, HttpServletRequest)]
09:48:10:238  INFO 78654 --- [main] o.s.b.w.embedded.tomcat.TomcatWebServer  : Tomcat started on port(s): 8080 (http) with context path ''
09:48:10:239  INFO 78654 --- [main] d.s.w.p.DocumentationPluginsBootstrapper : Documentation plugins bootstrapped
09:48:10:251  INFO 78654 --- [main] d.s.w.p.DocumentationPluginsBootstrapper : Found 1 custom documentation plugin(s)
09:48:10:277  INFO 78654 --- [main] s.d.s.w.s.ApiListingReferenceScanner     : Scanning for api listing references
09:48:10:434  INFO 78654 --- [main] com.hmall.HMallApplication               : Started HMallApplication in 2.639 seconds (JVM running for 3.033)
17:23:55:436  INFO 84989 --- [main] com.hmall.HMallApplication               : Starting HMallApplication using Java 11.0.24 on OwendeMacBook-Pro.local with PID 84989 (/Users/owenclark/MyFiles/IDEAProjects/hmall/hm-service/target/classes started by owenclark in /Users/owenclark/MyFiles/IDEAProjects/hmall)
17:23:55:438 DEBUG 84989 --- [main] com.hmall.HMallApplication               : Running with Spring Boot v2.7.12, Spring v5.3.27
17:23:55:438  INFO 84989 --- [main] com.hmall.HMallApplication               : The following 1 profile is active: "local"
17:23:55:959  INFO 84989 --- [main] .s.d.r.c.RepositoryConfigurationDelegate : Multiple Spring Data modules found, entering strict repository configuration mode
17:23:55:961  INFO 84989 --- [main] .s.d.r.c.RepositoryConfigurationDelegate : Bootstrapping Spring Data Redis repositories in DEFAULT mode.
17:23:55:985  INFO 84989 --- [main] .s.d.r.c.RepositoryConfigurationDelegate : Finished Spring Data repository scanning in 13 ms. Found 0 Redis repository interfaces.
17:23:56:344  INFO 84989 --- [main] o.s.b.w.embedded.tomcat.TomcatWebServer  : Tomcat initialized with port(s): 8080 (http)
17:23:56:349  INFO 84989 --- [main] o.apache.catalina.core.StandardService   : Starting service [Tomcat]
17:23:56:349  INFO 84989 --- [main] org.apache.catalina.core.StandardEngine  : Starting Servlet engine: [Apache Tomcat/9.0.75]
17:23:56:428  INFO 84989 --- [main] o.a.c.c.C.[Tomcat].[localhost].[/]       : Initializing Spring embedded WebApplicationContext
17:23:56:428  INFO 84989 --- [main] w.s.c.ServletWebServerApplicationContext : Root WebApplicationContext: initialization completed in 962 ms
17:23:57:361  INFO 84989 --- [main] pertySourcedRequestMappingHandlerMapping : Mapped URL path [/v2/api-docs] onto method [springfox.documentation.swagger2.web.Swagger2ControllerWebMvc#getDocumentation(String, HttpServletRequest)]
17:23:57:588  INFO 84989 --- [main] o.s.b.w.embedded.tomcat.TomcatWebServer  : Tomcat started on port(s): 8080 (http) with context path ''
17:23:57:589  INFO 84989 --- [main] d.s.w.p.DocumentationPluginsBootstrapper : Documentation plugins bootstrapped
17:23:57:590  INFO 84989 --- [main] d.s.w.p.DocumentationPluginsBootstrapper : Found 1 custom documentation plugin(s)
17:23:57:607  INFO 84989 --- [main] s.d.s.w.s.ApiListingReferenceScanner     : Scanning for api listing references
17:23:57:722  INFO 84989 --- [main] com.hmall.HMallApplication               : Started HMallApplication in 2.733 seconds (JVM running for 3.247)
